<?xml version="1.0" encoding="UTF-8"?>
<!-- Generated by org.testng.reporters.JUnitReportReporter -->
<testsuite hostname="DESKTOP-0R271DJ" failures="0" tests="1" name="com.baning.testcases.TC_LoginTest_001" time="137.625" errors="0" timestamp="12 Aug 2022 13:01:10 GMT" skipped="0">
  <testcase classname="com.baning.testcases.TC_LoginTest_001" name="loginTest" time="137.625"/>
</testsuite> <!-- com.baning.testcases.TC_LoginTest_001 -->
