<?xml version="1.0" encoding="UTF-8"?>
<!-- Generated by org.testng.reporters.JUnitReportReporter -->
<testsuite hostname="DESKTOP-0R271DJ" failures="0" tests="1" name="com.banking.testcases.TC_LoginTest_001" time="24.769" errors="0" timestamp="16 Aug 2022 09:28:51 GMT" skipped="0">
  <testcase classname="com.banking.testcases.TC_LoginTest_001" name="loginTest" time="24.769"/>
</testsuite> <!-- com.banking.testcases.TC_LoginTest_001 -->
