<?xml version="1.0" encoding="UTF-8"?>
<!-- Generated by org.testng.reporters.JUnitReportReporter -->
<testsuite hostname="DESKTOP-0R271DJ" failures="0" tests="1" name="com.banking.testcases.TC_AddCustomerTest_003" time="60.986" errors="0" timestamp="16 Aug 2022 09:38:49 GMT" skipped="0">
  <testcase classname="com.banking.testcases.TC_AddCustomerTest_003" name="addNewCustomer" time="60.986"/>
</testsuite> <!-- com.banking.testcases.TC_AddCustomerTest_003 -->
